<?xml version="1.0" encoding="utf-8"?>
<CoverageSession>
  <Summary numSequencePoints="47" visitedSequencePoints="46" numBranchPoints="4" visitedBranchPoints="3" sequenceCoverage="97.87" branchCoverage="75" maxCyclomaticComplexity="14" minCyclomaticComplexity="14" visitedClasses="4" numClasses="4" visitedMethods="11" numMethods="11" />
  <Modules>
    <Module hash="C9549F89-2D5E-44A6-87FF-E24D77488E36">
      <ModulePath>Lab04.Domain.dll</ModulePath>
      <ModuleTime>2020-03-27T02:20:07</ModuleTime>
      <ModuleName>Lab04.Domain</ModuleName>
      <Files>
        <File uid="1" fullPath="/Users/jasonwhetton/Source/repos/teaching/YHSU1TE-19H/Lab04/src/Lab04.Domain/BookingRepositoryMongoDB.cs" />
        <File uid="2" fullPath="/Users/jasonwhetton/Source/repos/teaching/YHSU1TE-19H/Lab04/src/Lab04.Domain/BookingService.cs" />
      </Files>
      <Classes>
        <Class>
          <Summary numSequencePoints="15" visitedSequencePoints="15" numBranchPoints="0" visitedBranchPoints="0" sequenceCoverage="100" branchCoverage="100" maxCyclomaticComplexity="1" minCyclomaticComplexity="1" visitedClasses="1" numClasses="1" visitedMethods="3" numMethods="3" />
          <FullName>Lab04.Domain.BookingRepositoryMongoDB</FullName>
          <Methods>
            <Method cyclomaticComplexity="1" nPathComplexity="0" sequenceCoverage="100" branchCoverage="100" isConstructor="False" isGetter="False" isSetter="False" isStatic="True">
              <Summary numSequencePoints="4" visitedSequencePoints="4" numBranchPoints="0" visitedBranchPoints="0" sequenceCoverage="100" branchCoverage="100" maxCyclomaticComplexity="1" minCyclomaticComplexity="1" visitedClasses="0" numClasses="0" visitedMethods="1" numMethods="1" />
              <MetadataToken />
              <Name>System.Void Lab04.Domain.BookingRepositoryMongoDB::AddBooking(Lab04.Domain.Booking)</Name>
              <FileRef uid="1" />
              <SequencePoints>
                <SequencePoint vc="1" uspid="22" ordinal="0" sl="22" sc="1" el="22" ec="2" bec="0" bev="0" fileid="1" />
                <SequencePoint vc="1" uspid="23" ordinal="1" sl="23" sc="1" el="23" ec="2" bec="0" bev="0" fileid="1" />
                <SequencePoint vc="1" uspid="24" ordinal="2" sl="24" sc="1" el="24" ec="2" bec="0" bev="0" fileid="1" />
                <SequencePoint vc="1" uspid="25" ordinal="3" sl="25" sc="1" el="25" ec="2" bec="0" bev="0" fileid="1" />
              </SequencePoints>
              <BranchPoints />
              <MethodPoint vc="4" uspid="0" p8:type="SequencePoint" ordinal="0" offset="0" sc="0" sl="22" ec="1" el="25" bec="0" bev="0" fileid="1" xmlns:p8="xsi" />
            </Method>
            <Method cyclomaticComplexity="1" nPathComplexity="0" sequenceCoverage="100" branchCoverage="100" isConstructor="False" isGetter="False" isSetter="False" isStatic="True">
              <Summary numSequencePoints="6" visitedSequencePoints="6" numBranchPoints="0" visitedBranchPoints="0" sequenceCoverage="100" branchCoverage="100" maxCyclomaticComplexity="1" minCyclomaticComplexity="1" visitedClasses="0" numClasses="0" visitedMethods="1" numMethods="1" />
              <MetadataToken />
              <Name>Lab04.Domain.Booking Lab04.Domain.BookingRepositoryMongoDB::GetById(System.String)</Name>
              <FileRef uid="1" />
              <SequencePoints>
                <SequencePoint vc="2" uspid="31" ordinal="0" sl="31" sc="1" el="31" ec="2" bec="0" bev="0" fileid="1" />
                <SequencePoint vc="2" uspid="32" ordinal="1" sl="32" sc="1" el="32" ec="2" bec="0" bev="0" fileid="1" />
                <SequencePoint vc="2" uspid="33" ordinal="2" sl="33" sc="1" el="33" ec="2" bec="0" bev="0" fileid="1" />
                <SequencePoint vc="2" uspid="34" ordinal="3" sl="34" sc="1" el="34" ec="2" bec="0" bev="0" fileid="1" />
                <SequencePoint vc="2" uspid="36" ordinal="4" sl="36" sc="1" el="36" ec="2" bec="0" bev="0" fileid="1" />
                <SequencePoint vc="2" uspid="37" ordinal="5" sl="37" sc="1" el="37" ec="2" bec="0" bev="0" fileid="1" />
              </SequencePoints>
              <BranchPoints />
              <MethodPoint vc="6" uspid="0" p8:type="SequencePoint" ordinal="1" offset="1" sc="0" sl="31" ec="1" el="37" bec="0" bev="0" fileid="1" xmlns:p8="xsi" />
            </Method>
            <Method cyclomaticComplexity="1" nPathComplexity="0" sequenceCoverage="100" branchCoverage="100" isConstructor="True" isGetter="False" isSetter="False" isStatic="True">
              <Summary numSequencePoints="5" visitedSequencePoints="5" numBranchPoints="0" visitedBranchPoints="0" sequenceCoverage="100" branchCoverage="100" maxCyclomaticComplexity="1" minCyclomaticComplexity="1" visitedClasses="0" numClasses="0" visitedMethods="1" numMethods="1" />
              <MetadataToken />
              <Name>System.Void Lab04.Domain.BookingRepositoryMongoDB::.ctor(MongoDB.Driver.IMongoClient)</Name>
              <FileRef uid="1" />
              <SequencePoints>
                <SequencePoint vc="4" uspid="15" ordinal="0" sl="15" sc="1" el="15" ec="2" bec="0" bev="0" fileid="1" />
                <SequencePoint vc="4" uspid="16" ordinal="1" sl="16" sc="1" el="16" ec="2" bec="0" bev="0" fileid="1" />
                <SequencePoint vc="4" uspid="17" ordinal="2" sl="17" sc="1" el="17" ec="2" bec="0" bev="0" fileid="1" />
                <SequencePoint vc="4" uspid="18" ordinal="3" sl="18" sc="1" el="18" ec="2" bec="0" bev="0" fileid="1" />
                <SequencePoint vc="4" uspid="19" ordinal="4" sl="19" sc="1" el="19" ec="2" bec="0" bev="0" fileid="1" />
              </SequencePoints>
              <BranchPoints />
              <MethodPoint vc="5" uspid="0" p8:type="SequencePoint" ordinal="2" offset="2" sc="0" sl="15" ec="1" el="19" bec="0" bev="0" fileid="1" xmlns:p8="xsi" />
            </Method>
          </Methods>
        </Class>
        <Class>
          <Summary numSequencePoints="20" visitedSequencePoints="19" numBranchPoints="4" visitedBranchPoints="3" sequenceCoverage="95" branchCoverage="75" maxCyclomaticComplexity="4" minCyclomaticComplexity="1" visitedClasses="1" numClasses="1" visitedMethods="3" numMethods="3" />
          <FullName>Lab04.Domain.BookingService</FullName>
          <Methods>
            <Method cyclomaticComplexity="4" nPathComplexity="0" sequenceCoverage="87.5" branchCoverage="75" isConstructor="False" isGetter="False" isSetter="False" isStatic="True">
              <Summary numSequencePoints="8" visitedSequencePoints="7" numBranchPoints="4" visitedBranchPoints="3" sequenceCoverage="87.5" branchCoverage="75" maxCyclomaticComplexity="4" minCyclomaticComplexity="4" visitedClasses="0" numClasses="0" visitedMethods="1" numMethods="1" />
              <MetadataToken />
              <Name>System.Void Lab04.Domain.BookingService::CreateBooking(Lab04.Domain.BookingService/CreateBookingRequest)</Name>
              <FileRef uid="2" />
              <SequencePoints>
                <SequencePoint vc="4" uspid="39" ordinal="0" sl="39" sc="1" el="39" ec="2" bec="0" bev="0" fileid="2" />
                <SequencePoint vc="4" uspid="45" ordinal="1" sl="45" sc="1" el="45" ec="2" bec="0" bev="0" fileid="2" />
                <SequencePoint vc="0" uspid="46" ordinal="2" sl="46" sc="1" el="46" ec="2" bec="0" bev="0" fileid="2" />
                <SequencePoint vc="4" uspid="49" ordinal="3" sl="49" sc="1" el="49" ec="2" bec="0" bev="0" fileid="2" />
                <SequencePoint vc="4" uspid="53" ordinal="4" sl="53" sc="1" el="53" ec="2" bec="0" bev="0" fileid="2" />
                <SequencePoint vc="4" uspid="55" ordinal="5" sl="55" sc="1" el="55" ec="2" bec="0" bev="0" fileid="2" />
                <SequencePoint vc="1" uspid="56" ordinal="6" sl="56" sc="1" el="56" ec="2" bec="0" bev="0" fileid="2" />
                <SequencePoint vc="4" uspid="57" ordinal="7" sl="57" sc="1" el="57" ec="2" bec="0" bev="0" fileid="2" />
              </SequencePoints>
              <BranchPoints>
                <BranchPoint vc="0" uspid="45" ordinal="0" path="0" offset="18" offsetend="20" sl="45" fileid="2" />
                <BranchPoint vc="4" uspid="45" ordinal="1" path="1" offset="18" offsetend="31" sl="45" fileid="2" />
                <BranchPoint vc="1" uspid="55" ordinal="2" path="0" offset="61" offsetend="63" sl="55" fileid="2" />
                <BranchPoint vc="4" uspid="55" ordinal="3" path="1" offset="61" offsetend="86" sl="55" fileid="2" />
              </BranchPoints>
              <MethodPoint vc="7" uspid="0" p8:type="SequencePoint" ordinal="0" offset="0" sc="0" sl="39" ec="1" el="57" bec="0" bev="0" fileid="2" xmlns:p8="xsi" />
            </Method>
            <Method cyclomaticComplexity="1" nPathComplexity="0" sequenceCoverage="100" branchCoverage="100" isConstructor="False" isGetter="False" isSetter="False" isStatic="True">
              <Summary numSequencePoints="4" visitedSequencePoints="4" numBranchPoints="0" visitedBranchPoints="0" sequenceCoverage="100" branchCoverage="100" maxCyclomaticComplexity="1" minCyclomaticComplexity="1" visitedClasses="0" numClasses="0" visitedMethods="1" numMethods="1" />
              <MetadataToken />
              <Name>System.Boolean Lab04.Domain.BookingService::HasPermission(System.String)</Name>
              <FileRef uid="2" />
              <SequencePoints>
                <SequencePoint vc="4" uspid="75" ordinal="0" sl="75" sc="1" el="75" ec="2" bec="0" bev="0" fileid="2" />
                <SequencePoint vc="4" uspid="76" ordinal="1" sl="76" sc="1" el="76" ec="2" bec="0" bev="0" fileid="2" />
                <SequencePoint vc="4" uspid="78" ordinal="2" sl="78" sc="1" el="78" ec="2" bec="0" bev="0" fileid="2" />
                <SequencePoint vc="4" uspid="79" ordinal="3" sl="79" sc="1" el="79" ec="2" bec="0" bev="0" fileid="2" />
              </SequencePoints>
              <BranchPoints />
              <MethodPoint vc="4" uspid="0" p8:type="SequencePoint" ordinal="1" offset="1" sc="0" sl="75" ec="1" el="79" bec="0" bev="0" fileid="2" xmlns:p8="xsi" />
            </Method>
            <Method cyclomaticComplexity="1" nPathComplexity="0" sequenceCoverage="100" branchCoverage="100" isConstructor="True" isGetter="False" isSetter="False" isStatic="True">
              <Summary numSequencePoints="8" visitedSequencePoints="8" numBranchPoints="0" visitedBranchPoints="0" sequenceCoverage="100" branchCoverage="100" maxCyclomaticComplexity="1" minCyclomaticComplexity="1" visitedClasses="0" numClasses="0" visitedMethods="1" numMethods="1" />
              <MetadataToken />
              <Name>System.Void Lab04.Domain.BookingService::.ctor(Lab04.Domain.BookingRepositoryMongoDB,Lab04.Domain.IPaymentGateway,Lab04.Domain.IPriceCalculator)</Name>
              <FileRef uid="2" />
              <SequencePoints>
                <SequencePoint vc="4" uspid="28" ordinal="0" sl="28" sc="1" el="28" ec="2" bec="0" bev="0" fileid="2" />
                <SequencePoint vc="4" uspid="29" ordinal="1" sl="29" sc="1" el="29" ec="2" bec="0" bev="0" fileid="2" />
                <SequencePoint vc="4" uspid="30" ordinal="2" sl="30" sc="1" el="30" ec="2" bec="0" bev="0" fileid="2" />
                <SequencePoint vc="4" uspid="31" ordinal="3" sl="31" sc="1" el="31" ec="2" bec="0" bev="0" fileid="2" />
                <SequencePoint vc="4" uspid="32" ordinal="4" sl="32" sc="1" el="32" ec="2" bec="0" bev="0" fileid="2" />
                <SequencePoint vc="4" uspid="33" ordinal="5" sl="33" sc="1" el="33" ec="2" bec="0" bev="0" fileid="2" />
                <SequencePoint vc="4" uspid="34" ordinal="6" sl="34" sc="1" el="34" ec="2" bec="0" bev="0" fileid="2" />
                <SequencePoint vc="4" uspid="35" ordinal="7" sl="35" sc="1" el="35" ec="2" bec="0" bev="0" fileid="2" />
              </SequencePoints>
              <BranchPoints />
              <MethodPoint vc="8" uspid="0" p8:type="SequencePoint" ordinal="2" offset="2" sc="0" sl="28" ec="1" el="35" bec="0" bev="0" fileid="2" xmlns:p8="xsi" />
            </Method>
          </Methods>
        </Class>
        <Class>
          <Summary numSequencePoints="7" visitedSequencePoints="7" numBranchPoints="0" visitedBranchPoints="0" sequenceCoverage="100" branchCoverage="100" maxCyclomaticComplexity="1" minCyclomaticComplexity="1" visitedClasses="1" numClasses="1" visitedMethods="3" numMethods="3" />
          <FullName>Lab04.Domain.BookingService/CreateBookingRequest</FullName>
          <Methods>
            <Method cyclomaticComplexity="1" nPathComplexity="0" sequenceCoverage="100" branchCoverage="100" isConstructor="False" isGetter="True" isSetter="False" isStatic="True">
              <Summary numSequencePoints="1" visitedSequencePoints="1" numBranchPoints="0" visitedBranchPoints="0" sequenceCoverage="100" branchCoverage="100" maxCyclomaticComplexity="1" minCyclomaticComplexity="1" visitedClasses="0" numClasses="0" visitedMethods="1" numMethods="1" />
              <MetadataToken />
              <Name>System.String Lab04.Domain.BookingService/CreateBookingRequest::get_Id()</Name>
              <FileRef uid="2" />
              <SequencePoints>
                <SequencePoint vc="1" uspid="64" ordinal="0" sl="64" sc="1" el="64" ec="2" bec="0" bev="0" fileid="2" />
              </SequencePoints>
              <BranchPoints />
              <MethodPoint vc="1" uspid="0" p8:type="SequencePoint" ordinal="0" offset="0" sc="0" sl="64" ec="1" el="64" bec="0" bev="0" fileid="2" xmlns:p8="xsi" />
            </Method>
            <Method cyclomaticComplexity="1" nPathComplexity="0" sequenceCoverage="100" branchCoverage="100" isConstructor="False" isGetter="True" isSetter="False" isStatic="True">
              <Summary numSequencePoints="1" visitedSequencePoints="1" numBranchPoints="0" visitedBranchPoints="0" sequenceCoverage="100" branchCoverage="100" maxCyclomaticComplexity="1" minCyclomaticComplexity="1" visitedClasses="0" numClasses="0" visitedMethods="1" numMethods="1" />
              <MetadataToken />
              <Name>System.String Lab04.Domain.BookingService/CreateBookingRequest::get_RequestedBy()</Name>
              <FileRef uid="2" />
              <SequencePoints>
                <SequencePoint vc="4" uspid="65" ordinal="0" sl="65" sc="1" el="65" ec="2" bec="0" bev="0" fileid="2" />
              </SequencePoints>
              <BranchPoints />
              <MethodPoint vc="1" uspid="0" p8:type="SequencePoint" ordinal="1" offset="1" sc="0" sl="65" ec="1" el="65" bec="0" bev="0" fileid="2" xmlns:p8="xsi" />
            </Method>
            <Method cyclomaticComplexity="1" nPathComplexity="0" sequenceCoverage="100" branchCoverage="100" isConstructor="True" isGetter="False" isSetter="False" isStatic="True">
              <Summary numSequencePoints="5" visitedSequencePoints="5" numBranchPoints="0" visitedBranchPoints="0" sequenceCoverage="100" branchCoverage="100" maxCyclomaticComplexity="1" minCyclomaticComplexity="1" visitedClasses="0" numClasses="0" visitedMethods="1" numMethods="1" />
              <MetadataToken />
              <Name>System.Void Lab04.Domain.BookingService/CreateBookingRequest::.ctor(System.String,System.String)</Name>
              <FileRef uid="2" />
              <SequencePoints>
                <SequencePoint vc="4" uspid="66" ordinal="0" sl="66" sc="1" el="66" ec="2" bec="0" bev="0" fileid="2" />
                <SequencePoint vc="4" uspid="67" ordinal="1" sl="67" sc="1" el="67" ec="2" bec="0" bev="0" fileid="2" />
                <SequencePoint vc="4" uspid="68" ordinal="2" sl="68" sc="1" el="68" ec="2" bec="0" bev="0" fileid="2" />
                <SequencePoint vc="4" uspid="69" ordinal="3" sl="69" sc="1" el="69" ec="2" bec="0" bev="0" fileid="2" />
                <SequencePoint vc="4" uspid="70" ordinal="4" sl="70" sc="1" el="70" ec="2" bec="0" bev="0" fileid="2" />
              </SequencePoints>
              <BranchPoints />
              <MethodPoint vc="5" uspid="0" p8:type="SequencePoint" ordinal="2" offset="2" sc="0" sl="66" ec="1" el="70" bec="0" bev="0" fileid="2" xmlns:p8="xsi" />
            </Method>
          </Methods>
        </Class>
        <Class>
          <Summary numSequencePoints="5" visitedSequencePoints="5" numBranchPoints="0" visitedBranchPoints="0" sequenceCoverage="100" branchCoverage="100" maxCyclomaticComplexity="1" minCyclomaticComplexity="1" visitedClasses="1" numClasses="1" visitedMethods="2" numMethods="2" />
          <FullName>Lab04.Domain.Booking</FullName>
          <Methods>
            <Method cyclomaticComplexity="1" nPathComplexity="0" sequenceCoverage="100" branchCoverage="100" isConstructor="False" isGetter="True" isSetter="False" isStatic="True">
              <Summary numSequencePoints="1" visitedSequencePoints="1" numBranchPoints="0" visitedBranchPoints="0" sequenceCoverage="100" branchCoverage="100" maxCyclomaticComplexity="1" minCyclomaticComplexity="1" visitedClasses="0" numClasses="0" visitedMethods="1" numMethods="1" />
              <MetadataToken />
              <Name>System.String Lab04.Domain.Booking::get_Id()</Name>
              <FileRef uid="2" />
              <SequencePoints>
                <SequencePoint vc="3" uspid="88" ordinal="0" sl="88" sc="1" el="88" ec="2" bec="0" bev="0" fileid="2" />
              </SequencePoints>
              <BranchPoints />
              <MethodPoint vc="1" uspid="0" p8:type="SequencePoint" ordinal="0" offset="0" sc="0" sl="88" ec="1" el="88" bec="0" bev="0" fileid="2" xmlns:p8="xsi" />
            </Method>
            <Method cyclomaticComplexity="1" nPathComplexity="0" sequenceCoverage="100" branchCoverage="100" isConstructor="True" isGetter="False" isSetter="False" isStatic="True">
              <Summary numSequencePoints="4" visitedSequencePoints="4" numBranchPoints="0" visitedBranchPoints="0" sequenceCoverage="100" branchCoverage="100" maxCyclomaticComplexity="1" minCyclomaticComplexity="1" visitedClasses="0" numClasses="0" visitedMethods="1" numMethods="1" />
              <MetadataToken />
              <Name>System.Void Lab04.Domain.Booking::.ctor(System.String)</Name>
              <FileRef uid="2" />
              <SequencePoints>
                <SequencePoint vc="2" uspid="91" ordinal="0" sl="91" sc="1" el="91" ec="2" bec="0" bev="0" fileid="2" />
                <SequencePoint vc="2" uspid="92" ordinal="1" sl="92" sc="1" el="92" ec="2" bec="0" bev="0" fileid="2" />
                <SequencePoint vc="2" uspid="93" ordinal="2" sl="93" sc="1" el="93" ec="2" bec="0" bev="0" fileid="2" />
                <SequencePoint vc="2" uspid="94" ordinal="3" sl="94" sc="1" el="94" ec="2" bec="0" bev="0" fileid="2" />
              </SequencePoints>
              <BranchPoints />
              <MethodPoint vc="4" uspid="0" p8:type="SequencePoint" ordinal="1" offset="1" sc="0" sl="91" ec="1" el="94" bec="0" bev="0" fileid="2" xmlns:p8="xsi" />
            </Method>
          </Methods>
        </Class>
      </Classes>
    </Module>
  </Modules>
</CoverageSession>